Korisnik korisnik ulogovan/a na sistem: 2017/06/14 14:35:00
Korisnik je uneo album: Kill 'Em All iz 1983. godine. - 2017/06/14 14:35:13
Korisnik odjavljen - 2017/06/14 14:35:23Korisnik korisnik ulogovan/a na sistem: 2017/06/20 20:06:06
Korisnik je uneo pesmu u svoju biblioteku - 2017/06/20 20:06:30
Korisnik odjavljen - 2017/06/20 20:07:07
Administrator admin ulogovan/a na sistem: 2017/06/21 12:38:47
Administrator je obrisao album - 2017/06/21 12:38:51
Administrator odjavljen - 2017/06/21 12:38:59
Korisnik korisnik ulogovan/a na sistem: 2017/06/21 14:04:52
Korisnik je izvrsio pretragu albuma i pesama izvodjaca - 2017/06/21 14:05:02
Korisnik odjavljen - 2017/06/21 14:06:00
Korisnik korisnik ulogovan/a na sistem: 2017/06/25 12:21:29
Korisnik je prikazao sopstvenu biblioteku - 2017/06/25 12:21:30
Korisnik je uneo pesmu u svoju biblioteku - 2017/06/25 12:22:11
Administrator je uneo pesme u svoju biblioteku - 2017/06/25 12:22:11
Korisnik je prikazao sopstvenu biblioteku - 2017/06/25 12:22:13
Korisnik je uneo pesmu u svoju biblioteku - 2017/06/25 12:22:30
Administrator je uneo pesme u svoju biblioteku - 2017/06/25 12:22:30
Korisnik je prikazao sopstvenu biblioteku - 2017/06/25 12:22:37
Korisnik odjavljen - 2017/06/25 12:22:46
Korisnik korisnik ulogovan/a na sistem: 2017/06/25 12:27:07
Korisnik je uneo pesmu u svoju biblioteku - 2017/06/25 12:27:10
Administrator je uneo pesme u svoju biblioteku - 2017/06/25 12:27:10
Korisnik odjavljen - 2017/06/25 12:27:18
